<?xml version="1.0" encoding="UTF-8"?>
<!-- Generated by org.testng.reporters.JUnitXMLReporter -->
<testsuite hostname="haris-MacBook-Pro.local" name="Default test" tests="4" failures="0" timestamp="5 May 2017 15:18:13 GMT" time="12.659" errors="0">
  <testcase name="verifyLoginWithInvalidCredentials" time="2.479" classname="com.yahoo.uiAutomation.homePage.TC002_VerifyMultipleLogins"/>
  <testcase name="verifyLoginWithInvalidCredentials" time="1.991" classname="com.yahoo.uiAutomation.homePage.TC002_VerifyMultipleLogins"/>
  <testcase name="verifyLoginWithInvalidCredentials" time="0.002" classname="com.yahoo.uiAutomation.homePage.TC002_VerifyMultipleLogins">
    <skipped/>
  </testcase> <!-- verifyLoginWithInvalidCredentials -->
  <testcase name="verifyLoginWithInvalidCredentials" time="2.218" classname="com.yahoo.uiAutomation.homePage.TC002_VerifyMultipleLogins"/>
</testsuite> <!-- Default test -->
