<?xml version="1.0" encoding="UTF-8"?>
<!-- Generated by org.testng.reporters.JUnitXMLReporter -->
<testsuite hostname="haris-MacBook-Pro.local" name="Smoke Testing" tests="4" failures="0" timestamp="5 May 2017 15:28:26 GMT" time="12.795" errors="0">
  <testcase name="verifyLoginWithInvalidCredentials" time="2.587" classname="com.yahoo.uiAutomation.homePage.TC002_VerifyMultipleLogins"/>
  <testcase name="verifyLoginWithInvalidCredentials" time="2.221" classname="com.yahoo.uiAutomation.homePage.TC002_VerifyMultipleLogins"/>
  <testcase name="verifyLoginWithInvalidCredentials" time="0.001" classname="com.yahoo.uiAutomation.homePage.TC002_VerifyMultipleLogins">
    <skipped/>
  </testcase> <!-- verifyLoginWithInvalidCredentials -->
  <testcase name="verifyLoginWithInvalidCredentials" time="3.088" classname="com.yahoo.uiAutomation.homePage.TC002_VerifyMultipleLogins"/>
</testsuite> <!-- Smoke Testing -->
