<?xml version="1.0" encoding="UTF-8"?>
<testng-results skipped="1" failed="0" total="4" passed="3">
  <reporter-output>
  </reporter-output>
  <suite name="Automation" duration-ms="12795" started-at="2017-05-05T15:28:13Z" finished-at="2017-05-05T15:28:25Z">
    <groups>
    </groups>
    <test name="Smoke Testing" duration-ms="12795" started-at="2017-05-05T15:28:13Z" finished-at="2017-05-05T15:28:25Z">
      <class name="com.yahoo.uiAutomation.homePage.TC002_VerifyMultipleLogins">
        <test-method status="PASS" signature="setup()[pri:0, instance:com.yahoo.uiAutomation.homePage.TC002_VerifyMultipleLogins@490ab905]" name="setup" is-config="true" duration-ms="4207" started-at="2017-05-05T10:28:13Z" finished-at="2017-05-05T10:28:17Z">
          <reporter-output>
          </reporter-output>
        </test-method> <!-- setup -->
        <test-method status="PASS" signature="verifyLoginWithInvalidCredentials(java.lang.String, java.lang.String, java.lang.String)[pri:0, instance:com.yahoo.uiAutomation.homePage.TC002_VerifyMultipleLogins@490ab905]" name="verifyLoginWithInvalidCredentials" duration-ms="2587" started-at="2017-05-05T10:28:17Z" data-provider="loginData" finished-at="2017-05-05T10:28:20Z">
          <params>
            <param index="0">
              <value>
                <![CDATA[test1m@test.com]]>
              </value>
            </param>
            <param index="1">
              <value>
                <![CDATA[test1]]>
              </value>
            </param>
            <param index="2">
              <value>
                <![CDATA[y]]>
              </value>
            </param>
          </params>
          <reporter-output>
          </reporter-output>
        </test-method> <!-- verifyLoginWithInvalidCredentials -->
        <test-method status="PASS" signature="verifyLoginWithInvalidCredentials(java.lang.String, java.lang.String, java.lang.String)[pri:0, instance:com.yahoo.uiAutomation.homePage.TC002_VerifyMultipleLogins@490ab905]" name="verifyLoginWithInvalidCredentials" duration-ms="2221" started-at="2017-05-05T10:28:20Z" data-provider="loginData" finished-at="2017-05-05T10:28:22Z">
          <params>
            <param index="0">
              <value>
                <![CDATA[test2@test.com]]>
              </value>
            </param>
            <param index="1">
              <value>
                <![CDATA[test2]]>
              </value>
            </param>
            <param index="2">
              <value>
                <![CDATA[y]]>
              </value>
            </param>
          </params>
          <reporter-output>
          </reporter-output>
        </test-method> <!-- verifyLoginWithInvalidCredentials -->
        <test-method status="SKIP" signature="verifyLoginWithInvalidCredentials(java.lang.String, java.lang.String, java.lang.String)[pri:0, instance:com.yahoo.uiAutomation.homePage.TC002_VerifyMultipleLogins@490ab905]" name="verifyLoginWithInvalidCredentials" duration-ms="1" started-at="2017-05-05T10:28:22Z" data-provider="loginData" finished-at="2017-05-05T10:28:22Z">
          <params>
            <param index="0">
              <value>
                <![CDATA[test3@test.com]]>
              </value>
            </param>
            <param index="1">
              <value>
                <![CDATA[test3]]>
              </value>
            </param>
            <param index="2">
              <value>
                <![CDATA[n]]>
              </value>
            </param>
          </params>
          <exception class="org.testng.SkipException">
            <message>
              <![CDATA[user marked this record as No Run]]>
            </message>
            <full-stacktrace>
              <![CDATA[org.testng.SkipException: user marked this record as No Run
	at com.yahoo.uiAutomation.homePage.TC002_VerifyMultipleLogins.verifyLoginWithInvalidCredentials(TC002_VerifyMultipleLogins.java:37)
	at sun.reflect.NativeMethodAccessorImpl.invoke0(Native Method)
	at sun.reflect.NativeMethodAccessorImpl.invoke(NativeMethodAccessorImpl.java:62)
	at sun.reflect.DelegatingMethodAccessorImpl.invoke(DelegatingMethodAccessorImpl.java:43)
	at java.lang.reflect.Method.invoke(Method.java:498)
	at org.testng.internal.MethodInvocationHelper.invokeMethod(MethodInvocationHelper.java:80)
	at org.testng.internal.Invoker.invokeMethod(Invoker.java:714)
	at org.testng.internal.Invoker.invokeTestMethod(Invoker.java:901)
	at org.testng.internal.Invoker.invokeTestMethods(Invoker.java:1231)
	at org.testng.internal.TestMethodWorker.invokeTestMethods(TestMethodWorker.java:127)
	at org.testng.internal.TestMethodWorker.run(TestMethodWorker.java:111)
	at org.testng.TestRunner.privateRun(TestRunner.java:767)
	at org.testng.TestRunner.run(TestRunner.java:617)
	at org.testng.SuiteRunner.runTest(SuiteRunner.java:334)
	at org.testng.SuiteRunner.runSequentially(SuiteRunner.java:329)
	at org.testng.SuiteRunner.privateRun(SuiteRunner.java:291)
	at org.testng.SuiteRunner.run(SuiteRunner.java:240)
	at org.testng.SuiteRunnerWorker.runSuite(SuiteRunnerWorker.java:52)
	at org.testng.SuiteRunnerWorker.run(SuiteRunnerWorker.java:86)
	at org.testng.TestNG.runSuitesSequentially(TestNG.java:1198)
	at org.testng.TestNG.runSuitesLocally(TestNG.java:1123)
	at org.testng.TestNG.run(TestNG.java:1031)
	at org.testng.remote.AbstractRemoteTestNG.run(AbstractRemoteTestNG.java:132)
	at org.testng.remote.RemoteTestNG.initAndRun(RemoteTestNG.java:230)
	at org.testng.remote.RemoteTestNG.main(RemoteTestNG.java:76)
]]>
            </full-stacktrace>
          </exception> <!-- org.testng.SkipException -->
          <reporter-output>
          </reporter-output>
        </test-method> <!-- verifyLoginWithInvalidCredentials -->
        <test-method status="PASS" signature="verifyLoginWithInvalidCredentials(java.lang.String, java.lang.String, java.lang.String)[pri:0, instance:com.yahoo.uiAutomation.homePage.TC002_VerifyMultipleLogins@490ab905]" name="verifyLoginWithInvalidCredentials" duration-ms="3088" started-at="2017-05-05T10:28:22Z" data-provider="loginData" finished-at="2017-05-05T10:28:25Z">
          <params>
            <param index="0">
              <value>
                <![CDATA[test4@test.com]]>
              </value>
            </param>
            <param index="1">
              <value>
                <![CDATA[test4]]>
              </value>
            </param>
            <param index="2">
              <value>
                <![CDATA[y]]>
              </value>
            </param>
          </params>
          <reporter-output>
          </reporter-output>
        </test-method> <!-- verifyLoginWithInvalidCredentials -->
        <test-method status="PASS" signature="endTest()[pri:0, instance:com.yahoo.uiAutomation.homePage.TC002_VerifyMultipleLogins@490ab905]" name="endTest" is-config="true" duration-ms="117" started-at="2017-05-05T10:28:25Z" finished-at="2017-05-05T10:28:25Z">
          <reporter-output>
          </reporter-output>
        </test-method> <!-- endTest -->
      </class> <!-- com.yahoo.uiAutomation.homePage.TC002_VerifyMultipleLogins -->
    </test> <!-- Smoke Testing -->
  </suite> <!-- Automation -->
</testng-results>
